<?xml version="1.0" encoding="UTF-8"?>
<!-- Generated by org.testng.reporters.JUnitReportReporter -->
<testsuite hostname="CBT-022" name="mavendemo.DemoA" tests="1" failures="0" timestamp="17 Jul 2016 09:58:01 GMT" time="9.967" errors="0">
  <testcase name="testA" time="9.967" classname="mavendemo.DemoA"/>
</testsuite> <!-- mavendemo.DemoA -->
