<?xml version="1.0" encoding="UTF-8"?>
<!-- Generated by org.testng.reporters.JUnitReportReporter -->
<testsuite hostname="CBT-022" name="mavenpackage.DemoAMaven" tests="2" failures="0" timestamp="13 Aug 2016 12:50:29 GMT" time="14.795" errors="0">
  <testcase name="testB" time="0.456" classname="mavenpackage.DemoAMaven"/>
  <testcase name="testA" time="14.339" classname="mavenpackage.DemoAMaven"/>
</testsuite> <!-- mavenpackage.DemoAMaven -->
