<?xml version="1.0" encoding="UTF-8"?>
<!-- Generated by org.testng.reporters.JUnitReportReporter -->
<testsuite hostname="CBT-022" name="mavenpackage.DemoAMaven" tests="1" failures="0" timestamp="13 Aug 2016 12:38:46 GMT" time="20.309" errors="0">
  <testcase name="testA" time="20.309" classname="mavenpackage.DemoAMaven"/>
</testsuite> <!-- mavenpackage.DemoAMaven -->
