<?xml version="1.0" encoding="UTF-8"?>
<!-- Generated by org.testng.reporters.JUnitReportReporter -->
<testsuite hostname="CBT-022" name="mavenpackage.DemoAMaven" tests="1" failures="0" timestamp="13 Aug 2016 12:11:43 GMT" time="21.496" errors="0">
  <testcase name="testA" time="21.496" classname="mavenpackage.DemoAMaven"/>
</testsuite> <!-- mavenpackage.DemoAMaven -->
